d:\g3d\work\proiect\proiect\debug\vc143.pdb
d:\g3d\work\proiect\proiect\debug\vc143.idb
d:\g3d\work\proiect\proiect\debug\vbo.obj
d:\g3d\work\proiect\proiect\debug\vao.obj
d:\g3d\work\proiect\proiect\debug\texture.obj
d:\g3d\work\proiect\proiect\debug\stb.obj
d:\g3d\work\proiect\proiect\debug\shader.obj
d:\g3d\work\proiect\proiect\debug\proiect.obj
d:\g3d\work\proiect\proiect\debug\model.obj
d:\g3d\work\proiect\proiect\debug\mesh.obj
d:\g3d\work\proiect\proiect\debug\ebo.obj
d:\g3d\work\proiect\proiect\debug\camera.obj
d:\g3d\work\proiect\debug\proiect.pdb
d:\g3d\work\proiect\proiect\debug\proiect.tlog\cl.command.1.tlog
d:\g3d\work\proiect\proiect\debug\proiect.tlog\cl.items.tlog
d:\g3d\work\proiect\proiect\debug\proiect.tlog\cl.read.1.tlog
d:\g3d\work\proiect\proiect\debug\proiect.tlog\cl.write.1.tlog
d:\g3d\work\proiect\proiect\debug\proiect.tlog\link-cvtres.read.1.tlog
d:\g3d\work\proiect\proiect\debug\proiect.tlog\link-cvtres.write.1.tlog
d:\g3d\work\proiect\proiect\debug\proiect.tlog\link-rc.read.1.tlog
d:\g3d\work\proiect\proiect\debug\proiect.tlog\link-rc.write.1.tlog
d:\g3d\work\proiect\proiect\debug\proiect.tlog\link.21260-cvtres.read.1.tlog
d:\g3d\work\proiect\proiect\debug\proiect.tlog\link.21260-cvtres.write.1.tlog
d:\g3d\work\proiect\proiect\debug\proiect.tlog\link.21260-rc.read.1.tlog
d:\g3d\work\proiect\proiect\debug\proiect.tlog\link.21260-rc.write.1.tlog
d:\g3d\work\proiect\proiect\debug\proiect.tlog\link.21260.read.1.tlog
d:\g3d\work\proiect\proiect\debug\proiect.tlog\link.21260.write.1.tlog
d:\g3d\work\proiect\proiect\debug\proiect.tlog\link.command.1.tlog
d:\g3d\work\proiect\proiect\debug\proiect.tlog\link.read.1.tlog
d:\g3d\work\proiect\proiect\debug\proiect.tlog\link.write.1.tlog
